<?xml version="1.0" encoding="UTF-8" ?>
<testsuite tests="4" failures="0" name="edu.missouri.chenglab.gmol.hicdata.ContactVOTest" time="0.001" errors="0" skipped="0">
  <properties>
[...]
</properties>
  <testcase classname="edu.missouri.chenglab.gmol.hicdata.ContactVOTest" name="testCompareTo" time="0.001"/>
  <testcase classname="edu.missouri.chenglab.gmol.hicdata.ContactVOTest" name="testEqualsObject" time="0"/>
  <testcase classname="edu.missouri.chenglab.gmol.hicdata.ContactVOTest" name="testContactVOIntIntDouble" time="0"/>
  <testcase classname="edu.missouri.chenglab.gmol.hicdata.ContactVOTest" name="testContactVOIntIntIntIntDouble" time="0"/>
</testsuite>